<?xml version="1.0" encoding="UTF-8"?>
<!-- Generated by org.testng.reporters.JUnitXMLReporter -->
<testsuite hostname="LAPTOP-SO85N89J" name="Default test" tests="6" failures="0" timestamp="15 Jul 2022 10:19:54 GMT" time="0.042" errors="0">
  <testcase name="login" time="0.004" classname="org.testngframe.TvPurchase2"/>
  <testcase name="login" time="0.0" classname="org.testngframe.TvPurchase2"/>
  <testcase name="search" time="0.0" classname="org.testngframe.TvPurchase2"/>
  <testcase name="tv" time="0.002" classname="org.testngframe.TvPurchase2"/>
  <testcase name="window" time="0.001" classname="org.testngframe.TvPurchase2"/>
  <testcase name="screenShot" time="0.006" classname="org.testngframe.TvPurchase2"/>
</testsuite> <!-- Default test -->
