<?xml version="1.0" encoding="UTF-8"?>
<!-- Generated by org.testng.reporters.JUnitXMLReporter -->
<testsuite hostname="LAPTOP-SO85N89J" name="Test" tests="5" failures="0" timestamp="15 Jul 2022 10:20:26 GMT" time="14.055" errors="0">
  <testcase name="login" time="0.186" classname="org.testngframe.MobilePurchase"/>
  <testcase name="search" time="0.187" classname="org.testngframe.MobilePurchase"/>
  <testcase name="mobile" time="4.434" classname="org.testngframe.MobilePurchase"/>
  <testcase name="window" time="1.946" classname="org.testngframe.MobilePurchase"/>
  <testcase name="screenShot" time="0.38" classname="org.testngframe.MobilePurchase"/>
</testsuite> <!-- Test -->
